Testsuite: com.topcoder.direct.contest.management.AllTests
Tests run: 66, Failures: 9, Errors: 1, Time elapsed: 1,169.771 sec

Testcase: testFTC1 took 14.927 sec
Testcase: testFTC2 took 15.02 sec
Testcase: testFTC3 took 16.967 sec
Testcase: testFTC4 took 15.936 sec
Testcase: testFTC5 took 16.828 sec
Testcase: testFTC6 took 15.641 sec
Testcase: testFTC7 took 18.578 sec
Testcase: testFTC8 took 16.803 sec
Testcase: testFTC9 took 17.977 sec
Testcase: testFTC10 took 16.767 sec
Testcase: testFTC11 took 18.279 sec
Testcase: testFTC12 took 17.079 sec
Testcase: testFTC13 took 17.354 sec
Testcase: testFTC14 took 17.707 sec
Testcase: testFTC15 took 21.596 sec
Testcase: testFTC16 took 21.487 sec
Testcase: testFTC17 took 20.741 sec
Testcase: testFTC18 took 20.829 sec
Testcase: testFTC25 took 17.759 sec
Testcase: testFTC26 took 14.052 sec
Testcase: testFTC27 took 14.262 sec
Testcase: testFTC29 took 13.747 sec
	FAILED
error box should be presented
junit.framework.AssertionFailedError: error box should be presented
	at com.topcoder.direct.contest.management.CreateContestsTests.testFTC29(CreateContestsTests.java:973)

Testcase: testFTC30 took 14.192 sec
Testcase: testFTC31 took 12.656 sec
	Caused an ERROR
ERROR: Element //div[@class='helpArea'] not found
com.thoughtworks.selenium.SeleniumException: ERROR: Element //div[@class='helpArea'] not found
	at com.thoughtworks.selenium.HttpCommandProcessor.throwAssertionFailureExceptionOrError(HttpCommandProcessor.java:112)
	at com.thoughtworks.selenium.HttpCommandProcessor.doCommand(HttpCommandProcessor.java:106)
	at com.thoughtworks.selenium.HttpCommandProcessor.getString(HttpCommandProcessor.java:275)
	at com.thoughtworks.selenium.HttpCommandProcessor.getBoolean(HttpCommandProcessor.java:348)
	at com.thoughtworks.selenium.DefaultSelenium.isVisible(DefaultSelenium.java:543)
	at com.topcoder.direct.contest.management.CreateContestsTests.testFTC31(CreateContestsTests.java:1019)

Testcase: testFTC32 took 16.092 sec
Testcase: testFTC33 took 14.103 sec
Testcase: testFTC34 took 13.558 sec
Testcase: testFTC35 took 19.18 sec
Testcase: testFTC36 took 13.69 sec
Testcase: testFTC37 took 14.356 sec
Testcase: testFTC38 took 13.544 sec
	FAILED
error box should be presented
junit.framework.AssertionFailedError: error box should be presented
	at com.topcoder.direct.contest.management.CreateContestsTests.testFTC38(CreateContestsTests.java:1217)

Testcase: testFTC39 took 14.504 sec
Testcase: testFTC40 took 13.689 sec
	FAILED
error box should be presented
junit.framework.AssertionFailedError: error box should be presented
	at com.topcoder.direct.contest.management.CreateContestsTests.testFTC40(CreateContestsTests.java:1277)

Testcase: testFTC41 took 15.605 sec
Testcase: testFTC42 took 14.536 sec
	FAILED
error box should be presented
junit.framework.AssertionFailedError: error box should be presented
	at com.topcoder.direct.contest.management.CreateContestsTests.testFTC42(CreateContestsTests.java:1321)

Testcase: testFTC43 took 15.523 sec
Testcase: testFTC44 took 14.835 sec
	FAILED
error box should be presented
junit.framework.AssertionFailedError: error box should be presented
	at com.topcoder.direct.contest.management.CreateContestsTests.testFTC44(CreateContestsTests.java:1365)

Testcase: testFTC45 took 15.764 sec
Testcase: testFTC46 took 14.981 sec
	FAILED
error box should be presented
junit.framework.AssertionFailedError: error box should be presented
	at com.topcoder.direct.contest.management.CreateContestsTests.testFTC46(CreateContestsTests.java:1414)

Testcase: testFTC47 took 15.914 sec
Testcase: testFTC48 took 15.437 sec
	FAILED
error box should be presented
junit.framework.AssertionFailedError: error box should be presented
	at com.topcoder.direct.contest.management.CreateContestsTests.testFTC48(CreateContestsTests.java:1462)

Testcase: testFTC49 took 16.412 sec
Testcase: testFTC50 took 15.668 sec
	FAILED
error box should be presented
junit.framework.AssertionFailedError: error box should be presented
	at com.topcoder.direct.contest.management.CreateContestsTests.testFTC50(CreateContestsTests.java:1510)

Testcase: testFTC51 took 16.03 sec
Testcase: testFTC52 took 14.991 sec
	FAILED
error box should be presented
junit.framework.AssertionFailedError: error box should be presented
	at com.topcoder.direct.contest.management.CreateContestsTests.testFTC52(CreateContestsTests.java:1558)

Testcase: testFTC56 took 15.523 sec
Testcase: testFTC57 took 14.313 sec
Testcase: testFTC58 took 15.651 sec
Testcase: testFTC59 took 14.842 sec
Testcase: testFTC60 took 14.663 sec
Testcase: testFTC61 took 16.094 sec
Testcase: testFTC62 took 17.637 sec
Testcase: testFTC63 took 18.993 sec
Testcase: testFTC64 took 20.718 sec
Testcase: testFTC65 took 19.275 sec
Testcase: testFTC66 took 18.902 sec
Testcase: testFTC67 took 19.158 sec
Testcase: testFTC68 took 18.43 sec
Testcase: testFTC69 took 16.534 sec
Testcase: testFTC70 took 16.378 sec
Testcase: testFTC71 took 15.182 sec
Testcase: testFTC79 took 20.833 sec
Testcase: testFTC80 took 19.096 sec
Testcase: testFTC81 took 17.687 sec
Testcase: testFTC82 took 15.666 sec
Testcase: testFTC83 took 18.343 sec
